2019-03-03 11:56:25 INFO  MainPage:29 - Open with url: https://www.glassdoor.com
2019-03-03 11:57:47 INFO  MainPage:29 - Open with url: https://www.glassdoor.com
2019-03-03 11:58:12 INFO  MainPage:55 - Navigate to Sign page
2019-03-03 11:58:12 INFO  ElementHelper:30 - CLick on element with locator: //li[@class = 'sign-in']//a[text()= 'Sign In']
2019-03-03 11:58:12 INFO  SignInPage:26 - Fill form on Sign Page
2019-03-03 11:58:12 INFO  ElementHelper:24 - Clear and set text: Test@123 to an element with locator: //input[@name = 'username']
2019-03-03 11:58:13 INFO  ElementHelper:24 - Clear and set text: testuser_1ree to an element with locator: //input[@name = 'password']
2019-03-03 11:58:14 INFO  ElementHelper:30 - CLick on element with locator: //div[@class = 'emailSignInForm']//button[@type = 'submit']
2019-03-03 11:58:14 INFO  SignInPage:34 - verify error
2019-03-03 11:58:16 INFO  MainPage:29 - Open with url: https://www.glassdoor.com
2019-03-03 11:58:21 INFO  MainPage:55 - Navigate to Sign page
2019-03-03 11:58:21 INFO  ElementHelper:30 - CLick on element with locator: //li[@class = 'sign-in']//a[text()= 'Sign In']
2019-03-03 11:58:27 INFO  MainPage:29 - Open with url: https://www.glassdoor.com
2019-03-03 11:58:30 INFO  MainPage:55 - Navigate to Sign page
2019-03-03 11:58:30 INFO  ElementHelper:30 - CLick on element with locator: //li[@class = 'sign-in']//a[text()= 'Sign In']
2019-03-03 12:07:27 INFO  MainPage:29 - Open with url: https://www.glassdoor.com
2019-03-03 12:08:35 INFO  LogListener:14 - /nTest started with name: null
2019-03-03 12:08:35 INFO  MainPage:29 - Open with url: https://www.glassdoor.com
2019-03-03 12:08:56 INFO  MainPage:55 - Navigate to Sign page
2019-03-03 12:08:56 INFO  ElementHelper:30 - CLick on element with locator: //li[@class = 'sign-in']//a[text()= 'Sign In']
2019-03-03 12:09:01 INFO  SignInPage:26 - Fill form on Sign Page
2019-03-03 12:09:01 INFO  ElementHelper:24 - Clear and set text: Test@123 to an element with locator: //input[@name = 'username']
2019-03-03 12:09:03 INFO  ElementHelper:24 - Clear and set text: testuser_1ree to an element with locator: //input[@name = 'password']
2019-03-03 12:09:03 INFO  ElementHelper:30 - CLick on element with locator: //div[@class = 'emailSignInForm']//button[@type = 'submit']
2019-03-03 12:09:08 INFO  SignInPage:34 - verify error
2019-03-03 12:09:08 INFO  LogListener:20 - Test started with name: null success

2019-03-03 12:09:11 INFO  LogListener:14 - /nTest started with name: null
2019-03-03 12:09:11 INFO  MainPage:29 - Open with url: https://www.glassdoor.com
2019-03-03 12:09:20 INFO  MainPage:55 - Navigate to Sign page
2019-03-03 12:09:20 INFO  ElementHelper:30 - CLick on element with locator: //li[@class = 'sign-in']//a[text()= 'Sign In']
2019-03-03 12:09:20 INFO  SignInPage:26 - Fill form on Sign Page
2019-03-03 12:09:20 INFO  ElementHelper:24 - Clear and set text: ecqnsn5blo@gmail.com to an element with locator: //input[@name = 'username']
2019-03-03 12:09:21 INFO  ElementHelper:24 - Clear and set text: 4xo568g2qh to an element with locator: //input[@name = 'password']
2019-03-03 12:09:21 INFO  ElementHelper:30 - CLick on element with locator: //div[@class = 'emailSignInForm']//button[@type = 'submit']
2019-03-03 12:09:21 INFO  SignInPage:34 - verify error
2019-03-03 12:09:22 INFO  LogListener:20 - Test started with name: null success

2019-03-03 12:09:23 INFO  LogListener:14 - /nTest started with name: null
2019-03-03 12:09:23 INFO  MainPage:29 - Open with url: https://www.glassdoor.com
2019-03-03 12:09:28 INFO  MainPage:55 - Navigate to Sign page
2019-03-03 12:09:28 INFO  ElementHelper:30 - CLick on element with locator: //li[@class = 'sign-in']//a[text()= 'Sign In']
2019-03-03 12:09:28 INFO  SignInPage:26 - Fill form on Sign Page
2019-03-03 12:09:28 INFO  ElementHelper:24 - Clear and set text: pjqpt3ofz0@gmail.com to an element with locator: //input[@name = 'username']
2019-03-03 12:09:29 INFO  ElementHelper:24 - Clear and set text: ogyfy2sbi7 to an element with locator: //input[@name = 'password']
2019-03-03 12:09:30 INFO  ElementHelper:30 - CLick on element with locator: //div[@class = 'emailSignInForm']//button[@type = 'submit']
2019-03-03 12:09:30 INFO  SignInPage:34 - verify error
2019-03-03 12:09:30 INFO  LogListener:20 - Test started with name: null success

2019-03-03 12:11:53 INFO  LogListener:14 - /nTest started with name: null
2019-03-03 12:11:53 INFO  MainPage:29 - Open with url: https://www.glassdoor.com
2019-03-03 12:12:17 INFO  MainPage:55 - Navigate to Sign page
2019-03-03 12:12:17 INFO  ElementHelper:30 - CLick on element with locator: //li[@class = 'sign-in']//a[text()= 'Sign In']
2019-03-03 12:12:22 INFO  SignInPage:26 - Fill form on Sign Page
2019-03-03 12:12:22 INFO  ElementHelper:24 - Clear and set text: Test@123 to an element with locator: //input[@name = 'username']
2019-03-03 12:12:23 INFO  ElementHelper:24 - Clear and set text: testuser_1ree to an element with locator: //input[@name = 'password']
2019-03-03 12:12:23 INFO  ElementHelper:30 - CLick on element with locator: //div[@class = 'emailSignInForm']//button[@type = 'submit']
2019-03-03 12:12:29 INFO  SignInPage:34 - verify error
2019-03-03 12:12:29 INFO  LogListener:20 - Test started with name: null success

2019-03-03 12:12:32 INFO  LogListener:14 - /nTest started with name: null
2019-03-03 12:12:32 INFO  MainPage:29 - Open with url: https://www.glassdoor.com
2019-03-03 12:12:36 INFO  MainPage:55 - Navigate to Sign page
2019-03-03 12:12:36 INFO  ElementHelper:30 - CLick on element with locator: //li[@class = 'sign-in']//a[text()= 'Sign In']
2019-03-03 12:12:40 INFO  LogListener:26 - Test started with name: null fail

2019-03-03 12:12:40 INFO  LogListener:27 - Test error: org.openqa.selenium.NoSuchElementException: no such element: Unable to locate element: {"method":"xpath","selector":"//li[@class = 'sign-in']//a[text()= 'Sign In']"}
  (Session info: chrome=72.0.3626.119)
  (Driver info: chromedriver=2.46.628411 (3324f4c8be9ff2f70a05a30ebc72ffb013e1a71e),platform=Mac OS X 10.12.6 x86_64) (WARNING: The server did not provide any stacktrace information)
Command duration or timeout: 0 milliseconds
For documentation on this error, please visit: https://www.seleniumhq.org/exceptions/no_such_element.html
Build info: version: '3.141.59', revision: 'e82be7d358', time: '2018-11-14T08:17:03'
System info: host: 'AlexandersMBP2', ip: '2600:1700:c2a1:fe0:f0a7:bce9:2b1f:10d2%en0', os.name: 'Mac OS X', os.arch: 'x86_64', os.version: '10.12.6', java.version: '1.8.0_201'
Driver info: org.openqa.selenium.chrome.ChromeDriver
Capabilities {acceptInsecureCerts: false, acceptSslCerts: false, applicationCacheEnabled: false, browserConnectionEnabled: false, browserName: chrome, chrome: {chromedriverVersion: 2.46.628411 (3324f4c8be9ff2..., userDataDir: /var/folders/mx/69xrsg991kg...}, cssSelectorsEnabled: true, databaseEnabled: false, goog:chromeOptions: {debuggerAddress: localhost:55937}, handlesAlerts: true, hasTouchScreen: false, javascriptEnabled: true, locationContextEnabled: true, mobileEmulationEnabled: false, nativeEvents: true, networkConnectionEnabled: false, pageLoadStrategy: normal, platform: MAC, platformName: MAC, proxy: Proxy(), rotatable: false, setWindowRect: true, strictFileInteractability: false, takesHeapSnapshot: true, takesScreenshot: true, timeouts: {implicit: 0, pageLoad: 300000, script: 30000}, unexpectedAlertBehaviour: ignore, unhandledPromptBehavior: ignore, version: 72.0.3626.119, webStorageEnabled: true}
Session ID: ec53754d3f65b908549919feef52df5e
*** Element info: {Using=xpath, value=//li[@class = 'sign-in']//a[text()= 'Sign In']}
2019-03-03 12:12:42 INFO  LogListener:14 - /nTest started with name: null
2019-03-03 12:12:42 INFO  MainPage:29 - Open with url: https://www.glassdoor.com
2019-03-03 12:12:47 INFO  MainPage:55 - Navigate to Sign page
2019-03-03 12:12:47 INFO  ElementHelper:30 - CLick on element with locator: //li[@class = 'sign-in']//a[text()= 'Sign In']
2019-03-03 12:12:47 INFO  SignInPage:26 - Fill form on Sign Page
2019-03-03 12:12:47 INFO  ElementHelper:24 - Clear and set text: tuccm63cgi@gmail.com to an element with locator: //input[@name = 'username']
2019-03-03 12:12:48 INFO  ElementHelper:24 - Clear and set text: 8eijjs1ara to an element with locator: //input[@name = 'password']
2019-03-03 12:12:48 INFO  ElementHelper:30 - CLick on element with locator: //div[@class = 'emailSignInForm']//button[@type = 'submit']
2019-03-03 12:12:49 INFO  SignInPage:34 - verify error
2019-03-03 12:12:49 INFO  LogListener:20 - Test started with name: null success

2019-03-03 12:16:51 INFO  LogListener:14 - /nTest started with name: null
2019-03-03 12:16:51 INFO  MainPage:29 - Open with url: https://www.glassdoor.com
2019-03-03 12:17:13 INFO  MainPage:55 - Navigate to Sign page
2019-03-03 12:17:13 INFO  ElementHelper:30 - CLick on element with locator: //li[@class = 'sign-in']//a[text()= 'Sign In']
2019-03-03 12:17:18 INFO  SignInPage:26 - Fill form on Sign Page
2019-03-03 12:17:18 INFO  ElementHelper:24 - Clear and set text: v6umgsgi8y@gmail.com to an element with locator: //input[@name = 'username']
2019-03-03 12:17:19 INFO  ElementHelper:24 - Clear and set text: grfnzuyl8e to an element with locator: //input[@name = 'password']
2019-03-03 12:17:19 INFO  ElementHelper:30 - CLick on element with locator: //div[@class = 'emailSignInForm']//button[@type = 'submit']
2019-03-03 12:17:25 INFO  SignInPage:34 - verify error
2019-03-03 12:17:25 INFO  LogListener:20 - Test started with name: null success

2019-03-03 12:17:51 INFO  LogListener:14 - /nTest started with name: null
2019-03-03 12:17:51 INFO  MainPage:29 - Open with url: https://www.glassdoor.com
2019-03-03 12:18:09 INFO  MainPage:55 - Navigate to Sign page
2019-03-03 12:18:09 INFO  ElementHelper:30 - CLick on element with locator: //li[@class = 'sign-in']//a[text()= 'Sign In']
2019-03-03 12:18:13 ERROR LogListener:26 - Test started with name: null fail

2019-03-03 12:18:13 ERROR LogListener:27 - Test error: org.openqa.selenium.NoSuchElementException: no such element: Unable to locate element: {"method":"xpath","selector":"//li[@class = 'sign-in']//a[text()= 'Sign In']"}
  (Session info: chrome=72.0.3626.119)
  (Driver info: chromedriver=2.46.628411 (3324f4c8be9ff2f70a05a30ebc72ffb013e1a71e),platform=Mac OS X 10.12.6 x86_64) (WARNING: The server did not provide any stacktrace information)
Command duration or timeout: 0 milliseconds
For documentation on this error, please visit: https://www.seleniumhq.org/exceptions/no_such_element.html
Build info: version: '3.141.59', revision: 'e82be7d358', time: '2018-11-14T08:17:03'
System info: host: 'AlexandersMBP2', ip: '2600:1700:c2a1:fe0:f0a7:bce9:2b1f:10d2%en0', os.name: 'Mac OS X', os.arch: 'x86_64', os.version: '10.12.6', java.version: '1.8.0_201'
Driver info: org.openqa.selenium.chrome.ChromeDriver
Capabilities {acceptInsecureCerts: false, acceptSslCerts: false, applicationCacheEnabled: false, browserConnectionEnabled: false, browserName: chrome, chrome: {chromedriverVersion: 2.46.628411 (3324f4c8be9ff2..., userDataDir: /var/folders/mx/69xrsg991kg...}, cssSelectorsEnabled: true, databaseEnabled: false, goog:chromeOptions: {debuggerAddress: localhost:57641}, handlesAlerts: true, hasTouchScreen: false, javascriptEnabled: true, locationContextEnabled: true, mobileEmulationEnabled: false, nativeEvents: true, networkConnectionEnabled: false, pageLoadStrategy: normal, platform: MAC, platformName: MAC, proxy: Proxy(), rotatable: false, setWindowRect: true, strictFileInteractability: false, takesHeapSnapshot: true, takesScreenshot: true, timeouts: {implicit: 0, pageLoad: 300000, script: 30000}, unexpectedAlertBehaviour: ignore, unhandledPromptBehavior: ignore, version: 72.0.3626.119, webStorageEnabled: true}
Session ID: 1f54a37a1faecc3ba916e48d8573ee68
*** Element info: {Using=xpath, value=//li[@class = 'sign-in']//a[text()= 'Sign In']}
2019-03-03 12:18:15 INFO  LogListener:14 - /nTest started with name: null
2019-03-03 12:18:15 INFO  MainPage:29 - Open with url: https://www.glassdoor.com
2019-03-03 12:18:20 INFO  MainPage:55 - Navigate to Sign page
2019-03-03 12:18:20 INFO  ElementHelper:30 - CLick on element with locator: //li[@class = 'sign-in']//a[text()= 'Sign In']
2019-03-03 12:18:24 ERROR LogListener:26 - Test started with name: null fail

2019-03-03 12:18:24 ERROR LogListener:27 - Test error: org.openqa.selenium.NoSuchElementException: no such element: Unable to locate element: {"method":"xpath","selector":"//li[@class = 'sign-in']//a[text()= 'Sign In']"}
  (Session info: chrome=72.0.3626.119)
  (Driver info: chromedriver=2.46.628411 (3324f4c8be9ff2f70a05a30ebc72ffb013e1a71e),platform=Mac OS X 10.12.6 x86_64) (WARNING: The server did not provide any stacktrace information)
Command duration or timeout: 0 milliseconds
For documentation on this error, please visit: https://www.seleniumhq.org/exceptions/no_such_element.html
Build info: version: '3.141.59', revision: 'e82be7d358', time: '2018-11-14T08:17:03'
System info: host: 'AlexandersMBP2', ip: '2600:1700:c2a1:fe0:f0a7:bce9:2b1f:10d2%en0', os.name: 'Mac OS X', os.arch: 'x86_64', os.version: '10.12.6', java.version: '1.8.0_201'
Driver info: org.openqa.selenium.chrome.ChromeDriver
Capabilities {acceptInsecureCerts: false, acceptSslCerts: false, applicationCacheEnabled: false, browserConnectionEnabled: false, browserName: chrome, chrome: {chromedriverVersion: 2.46.628411 (3324f4c8be9ff2..., userDataDir: /var/folders/mx/69xrsg991kg...}, cssSelectorsEnabled: true, databaseEnabled: false, goog:chromeOptions: {debuggerAddress: localhost:57641}, handlesAlerts: true, hasTouchScreen: false, javascriptEnabled: true, locationContextEnabled: true, mobileEmulationEnabled: false, nativeEvents: true, networkConnectionEnabled: false, pageLoadStrategy: normal, platform: MAC, platformName: MAC, proxy: Proxy(), rotatable: false, setWindowRect: true, strictFileInteractability: false, takesHeapSnapshot: true, takesScreenshot: true, timeouts: {implicit: 0, pageLoad: 300000, script: 30000}, unexpectedAlertBehaviour: ignore, unhandledPromptBehavior: ignore, version: 72.0.3626.119, webStorageEnabled: true}
Session ID: 1f54a37a1faecc3ba916e48d8573ee68
*** Element info: {Using=xpath, value=//li[@class = 'sign-in']//a[text()= 'Sign In']}
2019-03-03 12:18:26 INFO  LogListener:14 - /nTest started with name: null
2019-03-03 12:18:26 INFO  MainPage:29 - Open with url: https://www.glassdoor.com
2019-03-03 12:18:29 INFO  MainPage:55 - Navigate to Sign page
2019-03-03 12:18:29 INFO  ElementHelper:30 - CLick on element with locator: //li[@class = 'sign-in']//a[text()= 'Sign In']
2019-03-03 12:18:33 ERROR LogListener:26 - Test started with name: null fail

2019-03-03 12:18:33 ERROR LogListener:27 - Test error: org.openqa.selenium.NoSuchElementException: no such element: Unable to locate element: {"method":"xpath","selector":"//li[@class = 'sign-in']//a[text()= 'Sign In']"}
  (Session info: chrome=72.0.3626.119)
  (Driver info: chromedriver=2.46.628411 (3324f4c8be9ff2f70a05a30ebc72ffb013e1a71e),platform=Mac OS X 10.12.6 x86_64) (WARNING: The server did not provide any stacktrace information)
Command duration or timeout: 0 milliseconds
For documentation on this error, please visit: https://www.seleniumhq.org/exceptions/no_such_element.html
Build info: version: '3.141.59', revision: 'e82be7d358', time: '2018-11-14T08:17:03'
System info: host: 'AlexandersMBP2', ip: '2600:1700:c2a1:fe0:f0a7:bce9:2b1f:10d2%en0', os.name: 'Mac OS X', os.arch: 'x86_64', os.version: '10.12.6', java.version: '1.8.0_201'
Driver info: org.openqa.selenium.chrome.ChromeDriver
Capabilities {acceptInsecureCerts: false, acceptSslCerts: false, applicationCacheEnabled: false, browserConnectionEnabled: false, browserName: chrome, chrome: {chromedriverVersion: 2.46.628411 (3324f4c8be9ff2..., userDataDir: /var/folders/mx/69xrsg991kg...}, cssSelectorsEnabled: true, databaseEnabled: false, goog:chromeOptions: {debuggerAddress: localhost:57641}, handlesAlerts: true, hasTouchScreen: false, javascriptEnabled: true, locationContextEnabled: true, mobileEmulationEnabled: false, nativeEvents: true, networkConnectionEnabled: false, pageLoadStrategy: normal, platform: MAC, platformName: MAC, proxy: Proxy(), rotatable: false, setWindowRect: true, strictFileInteractability: false, takesHeapSnapshot: true, takesScreenshot: true, timeouts: {implicit: 0, pageLoad: 300000, script: 30000}, unexpectedAlertBehaviour: ignore, unhandledPromptBehavior: ignore, version: 72.0.3626.119, webStorageEnabled: true}
Session ID: 1f54a37a1faecc3ba916e48d8573ee68
*** Element info: {Using=xpath, value=//li[@class = 'sign-in']//a[text()= 'Sign In']}
2019-03-09 10:52:18 INFO  LogListener:14 - /nTest started with name: null
2019-03-09 10:52:19 INFO  MainPage:31 - Open with url: https://www.glassdoor.com
2019-03-09 10:52:30 INFO  ElementHelper:24 - Clear and set text: dfs@ to an element with locator: #userEmail
2019-03-09 10:52:30 ERROR LogListener:26 - Test started with name: null fail

2019-03-09 10:52:30 ERROR LogListener:27 - Test error: org.openqa.selenium.NoSuchWindowException: no such window: target window already closed
from unknown error: web view not found
  (Session info: chrome=72.0.3626.121)
  (Driver info: chromedriver=2.46.628411 (3324f4c8be9ff2f70a05a30ebc72ffb013e1a71e),platform=Mac OS X 10.12.6 x86_64) (WARNING: The server did not provide any stacktrace information)
Command duration or timeout: 0 milliseconds
Build info: version: '3.141.59', revision: 'e82be7d358', time: '2018-11-14T08:17:03'
System info: host: 'AlexandersMBP2', ip: '192.168.1.74', os.name: 'Mac OS X', os.arch: 'x86_64', os.version: '10.12.6', java.version: '1.8.0_201'
Driver info: org.openqa.selenium.chrome.ChromeDriver
Capabilities {acceptInsecureCerts: false, acceptSslCerts: false, applicationCacheEnabled: false, browserConnectionEnabled: false, browserName: chrome, chrome: {chromedriverVersion: 2.46.628411 (3324f4c8be9ff2..., userDataDir: /var/folders/mx/69xrsg991kg...}, cssSelectorsEnabled: true, databaseEnabled: false, goog:chromeOptions: {debuggerAddress: localhost:59036}, handlesAlerts: true, hasTouchScreen: false, javascriptEnabled: true, locationContextEnabled: true, mobileEmulationEnabled: false, nativeEvents: true, networkConnectionEnabled: false, pageLoadStrategy: normal, platform: MAC, platformName: MAC, proxy: Proxy(), rotatable: false, setWindowRect: true, strictFileInteractability: false, takesHeapSnapshot: true, takesScreenshot: true, timeouts: {implicit: 0, pageLoad: 300000, script: 30000}, unexpectedAlertBehaviour: ignore, unhandledPromptBehavior: ignore, version: 72.0.3626.121, webStorageEnabled: true}
Session ID: 55e0995ab0a3f12fdfe0a9673b072925
*** Element info: {Using=css selector, value=#userEmail}
2019-03-09 10:52:30 INFO  LogListener:14 - /nTest started with name: null
2019-03-09 10:52:30 INFO  SmokeTest:11 - Hello from smoke test
2019-03-09 10:52:30 INFO  LogListener:20 - Test started with name: null success

2019-03-09 10:52:56 INFO  LogListener:14 - /nTest started with name: null
2019-03-09 10:52:56 INFO  MainPage:31 - Open with url: https://www.glassdoor.com
2019-03-09 10:53:25 INFO  ElementHelper:24 - Clear and set text: dfs@ to an element with locator: #userEmail
2019-03-09 10:53:29 ERROR LogListener:26 - Test started with name: null fail

2019-03-09 10:53:29 ERROR LogListener:27 - Test error: org.openqa.selenium.NoSuchElementException: no such element: Unable to locate element: {"method":"css selector","selector":"#userEmail"}
  (Session info: chrome=72.0.3626.121)
  (Driver info: chromedriver=2.46.628411 (3324f4c8be9ff2f70a05a30ebc72ffb013e1a71e),platform=Mac OS X 10.12.6 x86_64) (WARNING: The server did not provide any stacktrace information)
Command duration or timeout: 0 milliseconds
For documentation on this error, please visit: https://www.seleniumhq.org/exceptions/no_such_element.html
Build info: version: '3.141.59', revision: 'e82be7d358', time: '2018-11-14T08:17:03'
System info: host: 'AlexandersMBP2', ip: '192.168.1.74', os.name: 'Mac OS X', os.arch: 'x86_64', os.version: '10.12.6', java.version: '1.8.0_201'
Driver info: org.openqa.selenium.chrome.ChromeDriver
Capabilities {acceptInsecureCerts: false, acceptSslCerts: false, applicationCacheEnabled: false, browserConnectionEnabled: false, browserName: chrome, chrome: {chromedriverVersion: 2.46.628411 (3324f4c8be9ff2..., userDataDir: /var/folders/mx/69xrsg991kg...}, cssSelectorsEnabled: true, databaseEnabled: false, goog:chromeOptions: {debuggerAddress: localhost:59084}, handlesAlerts: true, hasTouchScreen: false, javascriptEnabled: true, locationContextEnabled: true, mobileEmulationEnabled: false, nativeEvents: true, networkConnectionEnabled: false, pageLoadStrategy: normal, platform: MAC, platformName: MAC, proxy: Proxy(), rotatable: false, setWindowRect: true, strictFileInteractability: false, takesHeapSnapshot: true, takesScreenshot: true, timeouts: {implicit: 0, pageLoad: 300000, script: 30000}, unexpectedAlertBehaviour: ignore, unhandledPromptBehavior: ignore, version: 72.0.3626.121, webStorageEnabled: true}
Session ID: 0192b10dafdc0201baed4db2ee4d2768
*** Element info: {Using=css selector, value=#userEmail}
2019-03-09 10:53:31 INFO  LogListener:14 - /nTest started with name: null
2019-03-09 10:53:31 INFO  SmokeTest:11 - Hello from smoke test
2019-03-09 10:53:31 INFO  LogListener:20 - Test started with name: null success

2019-03-09 11:19:57 INFO  LogListener:14 - /nTest started with name: null
2019-03-09 11:19:58 INFO  MainPage:31 - Open with url: https://www.glassdoor.com
2019-03-09 11:20:28 INFO  ElementHelper:24 - Clear and set text: dfs@ to an element with locator: #userEmail
2019-03-09 11:20:28 INFO  ElementHelper:24 - Clear and set text: fdfs to an element with locator: #userPassword
2019-03-09 11:20:29 INFO  ElementHelper:30 - CLick on element with locator: .signUpForm button
2019-03-09 11:20:33 ERROR LogListener:26 - Test started with name: null fail

2019-03-09 11:20:33 ERROR LogListener:27 - Test error: org.openqa.selenium.NoSuchElementException: Unable to locate element: .signUpForm button
For documentation on this error, please visit: https://www.seleniumhq.org/exceptions/no_such_element.html
Build info: version: '3.141.59', revision: 'e82be7d358', time: '2018-11-14T08:17:03'
System info: host: 'AlexandersMBP2', ip: '192.168.1.74', os.name: 'Mac OS X', os.arch: 'x86_64', os.version: '10.12.6', java.version: '1.8.0_201'
Driver info: org.openqa.selenium.firefox.FirefoxDriver
Capabilities {acceptInsecureCerts: true, browserName: firefox, browserVersion: 63.0, javascriptEnabled: true, moz:accessibilityChecks: false, moz:geckodriverVersion: 0.23.0, moz:headless: false, moz:processID: 92099, moz:profile: /var/folders/mx/69xrsg991kg..., moz:useNonSpecCompliantPointerOrigin: false, moz:webdriverClick: true, pageLoadStrategy: normal, platform: MAC, platformName: MAC, platformVersion: 16.7.0, rotatable: false, setWindowRect: true, timeouts: {implicit: 0, pageLoad: 300000, script: 30000}, unhandledPromptBehavior: dismiss and notify}
Session ID: ac51c09b-1fcc-9f4f-8f1e-0e4eba0ca6c3
*** Element info: {Using=css selector, value=.signUpForm button}
2019-03-09 11:20:34 INFO  LogListener:14 - /nTest started with name: null
2019-03-09 11:20:34 INFO  SmokeTest:11 - Hello from smoke test
2019-03-09 11:20:34 INFO  LogListener:20 - Test started with name: null success

2019-03-09 11:38:59 INFO  LogListener:14 - /nTest started with name: null
2019-03-09 11:38:59 INFO  MainPage:31 - Open with url: https://www.glassdoor.com
2019-03-09 11:39:18 INFO  ElementHelper:24 - Clear and set text: dfs@ to an element with locator: #userEmail
2019-03-09 11:39:22 ERROR LogListener:26 - Test started with name: null fail

2019-03-09 11:39:22 ERROR LogListener:27 - Test error: org.openqa.selenium.NoSuchElementException: no such element: Unable to locate element: {"method":"css selector","selector":"#userEmail"}
  (Session info: chrome=72.0.3626.121)
  (Driver info: chromedriver=2.46.628411 (3324f4c8be9ff2f70a05a30ebc72ffb013e1a71e),platform=Mac OS X 10.12.6 x86_64) (WARNING: The server did not provide any stacktrace information)
Command duration or timeout: 0 milliseconds
For documentation on this error, please visit: https://www.seleniumhq.org/exceptions/no_such_element.html
Build info: version: '3.141.59', revision: 'e82be7d358', time: '2018-11-14T08:17:03'
System info: host: 'AlexandersMBP2', ip: '192.168.1.74', os.name: 'Mac OS X', os.arch: 'x86_64', os.version: '10.12.6', java.version: '1.8.0_201'
Driver info: org.openqa.selenium.chrome.ChromeDriver
Capabilities {acceptInsecureCerts: false, acceptSslCerts: false, applicationCacheEnabled: false, browserConnectionEnabled: false, browserName: chrome, chrome: {chromedriverVersion: 2.46.628411 (3324f4c8be9ff2..., userDataDir: /var/folders/mx/69xrsg991kg...}, cssSelectorsEnabled: true, databaseEnabled: false, goog:chromeOptions: {debuggerAddress: localhost:60834}, handlesAlerts: true, hasTouchScreen: false, javascriptEnabled: true, locationContextEnabled: true, mobileEmulationEnabled: false, nativeEvents: true, networkConnectionEnabled: false, pageLoadStrategy: normal, platform: MAC, platformName: MAC, proxy: Proxy(), rotatable: false, setWindowRect: true, strictFileInteractability: false, takesHeapSnapshot: true, takesScreenshot: true, timeouts: {implicit: 0, pageLoad: 300000, script: 30000}, unexpectedAlertBehaviour: ignore, unhandledPromptBehavior: ignore, version: 72.0.3626.121, webStorageEnabled: true}
Session ID: 21cadc5ab7088739c126cb4740c2154d
*** Element info: {Using=css selector, value=#userEmail}
2019-03-09 11:39:24 INFO  LogListener:14 - /nTest started with name: null
2019-03-09 11:39:24 INFO  SmokeTest:11 - Hello from smoke test
2019-03-09 11:39:24 INFO  LogListener:20 - Test started with name: null success

2019-03-09 17:54:05 INFO  LogListener:14 - /nTest started with name: null
2019-03-09 17:54:05 INFO  MainPage:31 - Open with url: https://www.glassdoor.com
2019-03-09 17:54:08 INFO  ElementHelper:24 - Clear and set text: dfs@ to an element with locator: #userEmail
2019-03-09 17:54:12 ERROR LogListener:26 - Test started with name: null fail

2019-03-09 17:54:12 ERROR LogListener:27 - Test error: org.openqa.selenium.NoSuchElementException: no such element: Unable to locate element: {"method":"css selector","selector":"#userEmail"}
  (Session info: chrome=72.0.3626.121)
  (Driver info: chromedriver=2.46.628411 (3324f4c8be9ff2f70a05a30ebc72ffb013e1a71e),platform=Mac OS X 10.12.6 x86_64) (WARNING: The server did not provide any stacktrace information)
Command duration or timeout: 0 milliseconds
For documentation on this error, please visit: https://www.seleniumhq.org/exceptions/no_such_element.html
Build info: version: '3.141.59', revision: 'e82be7d358', time: '2018-11-14T08:17:03'
System info: host: 'AlexandersMBP2.hsd1.ca.comcast.net', ip: '192.168.1.119', os.name: 'Mac OS X', os.arch: 'x86_64', os.version: '10.12.6', java.version: '1.8.0_201'
Driver info: org.openqa.selenium.chrome.ChromeDriver
Capabilities {acceptInsecureCerts: false, acceptSslCerts: false, applicationCacheEnabled: false, browserConnectionEnabled: false, browserName: chrome, chrome: {chromedriverVersion: 2.46.628411 (3324f4c8be9ff2..., userDataDir: /var/folders/mx/69xrsg991kg...}, cssSelectorsEnabled: true, databaseEnabled: false, goog:chromeOptions: {debuggerAddress: localhost:54115}, handlesAlerts: true, hasTouchScreen: false, javascriptEnabled: true, locationContextEnabled: true, mobileEmulationEnabled: false, nativeEvents: true, networkConnectionEnabled: false, pageLoadStrategy: normal, platform: MAC, platformName: MAC, proxy: Proxy(), rotatable: false, setWindowRect: true, strictFileInteractability: false, takesHeapSnapshot: true, takesScreenshot: true, timeouts: {implicit: 0, pageLoad: 300000, script: 30000}, unexpectedAlertBehaviour: ignore, unhandledPromptBehavior: ignore, version: 72.0.3626.121, webStorageEnabled: true}
Session ID: 30ad790cc0b3f219f92cdc2a908f576b
*** Element info: {Using=css selector, value=#userEmail}
2019-03-09 17:54:14 INFO  LogListener:14 - /nTest started with name: null
2019-03-09 17:54:14 INFO  SmokeTest:11 - Hello from smoke test
2019-03-09 17:54:14 INFO  LogListener:20 - Test started with name: null success

2019-03-28 18:48:36 INFO  LogListener:14 - /nTest started with name: null
2019-03-28 18:48:37 INFO  MainPage:31 - Open with url: https://www.glassdoor.com
2019-03-28 18:48:44 INFO  LogListener:20 - Test started with name: null success

2019-03-28 18:49:27 INFO  LogListener:14 - /nTest started with name: null
2019-03-28 18:49:28 INFO  MainPage:31 - Open with url: https://www.glassdoor.com
2019-03-28 18:49:34 INFO  ElementHelper:25 - Clear and set text: dfs@ to an element with locator: #userEmail
2019-03-28 18:49:34 ERROR LogListener:26 - Test started with name: null fail

2019-03-28 18:49:34 ERROR LogListener:27 - Test error: java.lang.NullPointerException
